built
Experiment 1 (   0%):  temp= 999.9: 357120 360000 357120 flip time: 533.559us.
  vertices:18 diameter:9
Experiment 1 ( 0.5%):  temp= 904.742: 7739 29434.1 5465 flip time: 1579.27us.
  vertices:18 diameter:9
Experiment 1 (   1%):  temp= 818.641: 5353 5707.28 4329 flip time: 1382.05us.
  vertices:18 diameter:9
Experiment 1 ( 1.5%):  temp= 740.733: 5527 5217.85 3876 flip time: 1477.76us.
  vertices:18 diameter:9
Experiment 1 (   2%):  temp= 670.24: 5802 5672.55 4444 flip time: 1685.91us.
  vertices:18 diameter:9
Experiment 1 ( 2.5%):  temp= 606.455: 2834 4589.26 2463 flip time: 1599.69us.
  vertices:18 diameter:9
Experiment 1 (   3%):  temp= 548.74: 2365 2806.88 2013 flip time: 1271.04us.
  vertices:18 diameter:9
Experiment 1 ( 3.5%):  temp= 496.518: 2886 2818.15 2124 flip time: 1265.18us.
  vertices:18 diameter:9
Experiment 1 (   4%):  temp= 449.266: 3608 3136.03 2280 flip time: 1353us.
  vertices:18 diameter:9
Experiment 1 ( 4.5%):  temp= 406.511: 3445 3005.04 2221 flip time: 1410.96us.
  vertices:18 diameter:9
Experiment 1 (   5%):  temp= 367.824: 2598 2879.83 2154 flip time: 1303.93us.
  vertices:18 diameter:9
Experiment 1 ( 5.5%):  temp= 332.819: 2782 3137.45 2583 flip time: 1367.85us.
  vertices:18 diameter:9
Experiment 1 (   6%):  temp= 301.146: 3675 3330.78 2575 flip time: 1313.38us.
  vertices:18 diameter:9
Experiment 1 ( 6.5%):  temp= 272.487: 2701 3294.64 2489 flip time: 1250.51us.
  vertices:18 diameter:9
Experiment 1 (   7%):  temp= 246.555: 3453 2786.85 2206 flip time: 1391.17us.
  vertices:18 diameter:9
Experiment 1 ( 7.5%):  temp= 223.091: 3081 3236.97 2653 flip time: 1433.42us.
  vertices:18 diameter:9
Experiment 1 (   8%):  temp= 201.86: 2567 2599.86 1879 flip time: 1356.75us.
  vertices:18 diameter:9
Experiment 1 ( 8.5%):  temp= 182.65: 2242 2426.25 2120 flip time: 1295.63us.
  vertices:18 diameter:9
Experiment 1 (   9%):  temp= 165.267: 2594 2479.27 2027 flip time: 1279.47us.
  vertices:18 diameter:9
Experiment 1 ( 9.5%):  temp= 149.539: 1876 2575.89 1855 flip time: 1334.33us.
  vertices:18 diameter:9
Experiment 1 (  10%):  temp= 135.308: 2109 1940.31 1573 flip time: 1413.48us.
  vertices:18 diameter:9
Experiment 1 (10.5%):  temp= 122.431: 1516 1750.97 1443 flip time: 1656.69us.
  vertices:18 diameter:9
Experiment 1 (  11%):  temp= 110.78: 1856 1945.72 1476 flip time: 1522.18us.
  vertices:18 diameter:9
Experiment 1 (11.5%):  temp= 100.237: 1639 1750.21 1551 flip time: 1343.93us.
  vertices:18 diameter:9
